<?xml version="1.0" encoding="UTF-8"?>
<!-- Generated by org.testng.reporters.JUnitReportReporter -->
<testsuite skipped="0" hostname="FADEV-24717" name="Scripts.TestLogin" tests="1" failures="0" timestamp="07 Jul 2020 17:09:48 GMT" time="1.494" errors="0">
  <testcase name="login" time="1.494" classname="Scripts.TestLogin"/>
</testsuite> <!-- Scripts.TestLogin -->
